2025-04-03 21:22:50,650 - __main__ - INFO - Python version: 3.13.1 (tags/v3.13.1:0671451, Dec  3 2024, 19:06:28) [MSC v.1942 64 bit (AMD64)]
2025-04-03 21:22:50,650 - __main__ - INFO - Initial memory usage: 146.20 MB
2025-04-03 21:22:50,651 - __main__ - INFO - Starting regional flexibility simulation run 20250403_212250
2025-04-03 21:22:50,651 - __main__ - INFO - Configuration: {'costs': {'dispatch': 50.0, 'storage': 10.0, 'demand_response': 100.0, 'exchange': 15.0, 'storage_charge': 8.0, 'storage_discharge': 5.0, 'transport_exchange': 12.0, 'slack_penalty': 1000.0}, 'constraints': {'storage_capacity': 3000.0, 'storage_efficiency': 0.995, 'charge_efficiency': 0.9, 'discharge_efficiency': 0.9, 'exchange_capacity': 2000.0, 'transport_capacity': 1200.0, 'initial_storage_level': 0.5, 'max_slack': 2000.0, 'max_dispatch': 8000.0, 'min_dispatch': 0.0, 'max_demand_response': 500.0, 'max_daily_demand_response': 2000.0, 'max_total_flexibility': 10000.0, 'max_ramp_up': 1000.0, 'max_ramp_down': 1000.0}, 'regions': ['Auvergne Rhone Alpes', 'Nouvelle Aquitaine', 'Occitanie', "Provence Alpes Cote d'Azur"], 'regional_constraints': {"Provence Alpes Cote d'Azur": {'storage_capacity': 5000.0, 'dispatch_cost_multiplier': 1.1, 'max_slack': 3000.0}, 'Nouvelle Aquitaine': {'storage_capacity': 4000.0, 'max_slack': 2500.0}, 'Auvergne Rhone Alpes': {'storage_capacity': 4500.0, 'max_slack': 2500.0}, 'Occitanie': {'storage_capacity': 3500.0, 'max_slack': 2500.0}}, 'data_quality': {'replace_nan_value': 1000.0, 'max_net_load': 50000.0, 'min_net_load': -20000.0, 'smoothing_window': 5, 'outlier_threshold': 3.0, 'interpolation_method': 'linear'}, 'paths': {'data_dir': 'data', 'output_dir': 'outputs'}, 'time_settings': {'resolution': '30min', 'start_date': '2021-01-01', 'end_date': '2021-12-31'}, 'analysis': {'seasonal_breakdown': True, 'daily_patterns': True, 'yearly_overview': True, 'comprehensive_report': True}}
2025-04-03 21:22:50,652 - __main__ - INFO - Time settings: {'resolution': '30min', 'start_date': '2021-01-01', 'end_date': '2021-12-31'}
2025-04-03 21:22:50,652 - __main__ - INFO - Simulating from 2021-01-01 to 2021-12-31 with 30min resolution
2025-04-03 21:22:50,676 - __main__ - INFO - Loading and preprocessing data...
2025-04-03 21:22:50,676 - __main__ - INFO - Initializing data loader...
2025-04-03 21:22:50,678 - __main__ - INFO - Loading data...
2025-04-03 21:22:50,763 - __main__ - INFO - Data loading completed in 0.08 seconds
2025-04-03 21:22:50,763 - __main__ - INFO - Memory usage after data loading: 153.62 MB
2025-04-03 21:22:50,763 - __main__ - INFO - Memory increase during data loading: 7.42 MB
2025-04-03 21:22:50,763 - __main__ - INFO - Building optimization model...
2025-04-03 21:22:50,763 - __main__ - INFO - Processing the following regions: ['Auvergne Rhone Alpes', 'Nouvelle Aquitaine', 'Occitanie', "Provence Alpes Cote d'Azur"]
2025-04-03 21:23:13,834 - __main__ - INFO - Solving optimization model...
2025-04-03 21:26:47,116 - __main__ - ERROR - Error during model building or solving: [Errno 22] Invalid argument
2025-04-03 21:26:47,119 - __main__ - ERROR - Error traceback: Traceback (most recent call last):
  File "C:\Users\Dell\projects\regional_flex\src\model\optimizer.py", line 621, in solve_model
    pbar.update(100)  # Update progress bar to 100%
    ~~~~~~~~~~~^^^^^
  File "C:\Users\Dell\AppData\Roaming\Python\Python313\site-packages\tqdm\std.py", line 1242, in update
    self.refresh(lock_args=self.lock_args)
    ~~~~~~~~~~~~^^^^^^^^^^^^^^^^^^^^^^^^^^
  File "C:\Users\Dell\AppData\Roaming\Python\Python313\site-packages\tqdm\std.py", line 1347, in refresh
    self.display()
    ~~~~~~~~~~~~^^
  File "C:\Users\Dell\AppData\Roaming\Python\Python313\site-packages\tqdm\std.py", line 1494, in display
    self.moveto(pos)
    ~~~~~~~~~~~^^^^^
  File "C:\Users\Dell\AppData\Roaming\Python\Python313\site-packages\tqdm\std.py", line 1443, in moveto
    self.fp.write('\n' * n + _term_move_up() * -n)
    ~~~~~~~~~~~~~^^^^^^^^^^^^^^^^^^^^^^^^^^^^^^^^^
  File "C:\Users\Dell\AppData\Roaming\Python\Python313\site-packages\tqdm\utils.py", line 196, in inner
    return func(*args, **kwargs)
OSError: [Errno 22] Invalid argument

During handling of the above exception, another exception occurred:

Traceback (most recent call last):
  File "C:\Users\Dell\projects\regional_flex\src\main.py", line 206, in main
    results = optimizer.solve_model()
  File "C:\Users\Dell\projects\regional_flex\src\model\optimizer.py", line 619, in solve_model
    with tqdm(total=100, desc="Solving model", position=1, leave=False) as pbar:
         ~~~~^^^^^^^^^^^^^^^^^^^^^^^^^^^^^^^^^^^^^^^^^^^^^^^^^^^^^^^^^^
  File "C:\Users\Dell\AppData\Roaming\Python\Python313\site-packages\tqdm\std.py", line 1140, in __exit__
    self.close()
    ~~~~~~~~~~^^
  File "C:\Users\Dell\AppData\Roaming\Python\Python313\site-packages\tqdm\std.py", line 1306, in close
    if self.display(msg='', pos=pos) and not pos:
       ~~~~~~~~~~~~^^^^^^^^^^^^^^^^^
  File "C:\Users\Dell\AppData\Roaming\Python\Python313\site-packages\tqdm\std.py", line 1494, in display
    self.moveto(pos)
    ~~~~~~~~~~~^^^^^
  File "C:\Users\Dell\AppData\Roaming\Python\Python313\site-packages\tqdm\std.py", line 1443, in moveto
    self.fp.write('\n' * n + _term_move_up() * -n)
    ~~~~~~~~~~~~~^^^^^^^^^^^^^^^^^^^^^^^^^^^^^^^^^
  File "C:\Users\Dell\AppData\Roaming\Python\Python313\site-packages\tqdm\utils.py", line 196, in inner
    return func(*args, **kwargs)
OSError: [Errno 22] Invalid argument

2025-04-03 21:26:47,120 - __main__ - ERROR - Simulation failed with error: [Errno 22] Invalid argument
